<?xml version="1.0" encoding="UTF-8"?>
<!-- Generated by org.testng.reporters.JUnitReportReporter -->
<testsuite hostname="FOCUS-QA-133" name="com.focus.testcases.URLBrowserTest" tests="2" failures="0" timestamp="3 Jan 2023 21:16:45 GMT" time="16.873" errors="0">
  <testcase name="checkLoginPageTitleByURLInputInBrowser" time="6.228" classname="com.focus.testcases.URLBrowserTest"/>
  <testcase name="verifyBrowserOpen" time="10.645" classname="com.focus.testcases.URLBrowserTest"/>
</testsuite> <!-- com.focus.testcases.URLBrowserTest -->
